{
  "RSpec": {
    "coverage": {
      "/Users/katiekoschland/Desktop/practice_test_tests/grid_ticket_tech_test/spec/cell_spec.rb": [
        1,
        null,
        1,
        4,
        null,
        1,
        1,
        null,
        null,
        1,
        1,
        null,
        null,
        1,
        1,
        null,
        null,
        null
      ],
      "/Users/katiekoschland/Desktop/practice_test_tests/grid_ticket_tech_test/lib/cell.rb": [
        1,
        null,
        1,
        null,
        1,
        885,
        885,
        null,
        null,
        null
      ],
      "/Users/katiekoschland/Desktop/practice_test_tests/grid_ticket_tech_test/spec/event_spec.rb": [
        1,
        null,
        1,
        7,
        null,
        1,
        1,
        1,
        null,
        null,
        1,
        1,
        null,
        null,
        null,
        1,
        1,
        1,
        null,
        null,
        1,
        1,
        null,
        null,
        1,
        1,
        null,
        null,
        1,
        1,
        null,
        null,
        null
      ],
      "/Users/katiekoschland/Desktop/practice_test_tests/grid_ticket_tech_test/lib/event.rb": [
        1,
        null,
        1,
        null,
        1,
        null,
        1,
        6,
        6,
        6,
        6,
        6,
        null,
        null,
        1,
        6,
        6,
        6,
        600,
        6,
        6,
        6,
        null,
        null,
        null,
        null,
        null
      ],
      "/Users/katiekoschland/Desktop/practice_test_tests/grid_ticket_tech_test/spec/grid_spec.rb": [
        1,
        null,
        1,
        3,
        null,
        1,
        1,
        null,
        null,
        1,
        1,
        null,
        null
      ],
      "/Users/katiekoschland/Desktop/practice_test_tests/grid_ticket_tech_test/lib/grid.rb": [
        1,
        null,
        1,
        null,
        1,
        2,
        2,
        null,
        null,
        1,
        null,
        1,
        2,
        42,
        882,
        null,
        null,
        null,
        null,
        null
      ]
    },
    "timestamp": 1494438454
  }
}
